{"numFailedTestSuites":0,"numFailedTests":0,"numPassedTestSuites":2,"numPassedTests":13,"numPendingTestSuites":0,"numPendingTests":0,"numRuntimeErrorTestSuites":0,"numTodoTests":0,"numTotalTestSuites":2,"numTotalTests":13,"openHandles":[],"snapshot":{"added":0,"didUpdate":false,"failure":false,"filesAdded":0,"filesRemoved":0,"filesRemovedList":[],"filesUnmatched":0,"filesUpdated":0,"matched":0,"total":0,"unchecked":0,"uncheckedKeysByFile":[],"unmatched":0,"updated":0},"startTime":1770307272502,"success":true,"testResults":[{"assertionResults":[{"ancestorTitles":["GET /authors"],"duration":207,"failing":false,"failureDetails":[],"failureMessages":[],"fullName":"GET /authors returns 200 and an array of authors","invocations":1,"location":{"column":3,"line":8},"numPassingAsserts":5,"retryReasons":[],"startAt":1770307275302,"status":"passed","title":"returns 200 and an array of authors"},{"ancestorTitles":["GET /authors/:id"],"duration":146,"failing":false,"failureDetails":[],"failureMessages":[],"fullName":"GET /authors/:id returns 400 for an invalid Mongo ObjectId","invocations":1,"location":{"column":3,"line":36},"numPassingAsserts":0,"retryReasons":[],"startAt":1770307275511,"status":"passed","title":"returns 400 for an invalid Mongo ObjectId"},{"ancestorTitles":["GET /authors/:id"],"duration":54,"failing":false,"failureDetails":[],"failureMessages":[],"fullName":"GET /authors/:id returns 404 for a valid but missing author id","invocations":1,"location":{"column":3,"line":40},"numPassingAsserts":0,"retryReasons":[],"startAt":1770307275657,"status":"passed","title":"returns 404 for a valid but missing author id"},{"ancestorTitles":["GET /authors/:id"],"duration":76,"failing":false,"failureDetails":[],"failureMessages":[],"fullName":"GET /authors/:id returns 200 and the author for an existing id","invocations":1,"location":{"column":3,"line":45},"numPassingAsserts":4,"retryReasons":[],"startAt":1770307275712,"status":"passed","title":"returns 200 and the author for an existing id"}],"endTime":1770307275806,"message":"","name":"I:\\Projects_2026\\CSE341_Code\\cse341-team1-final-project\\__test__\\get.spec.js","startTime":1770307272534,"status":"passed","summary":""},{"assertionResults":[{"ancestorTitles":["Authors Validation Middleware"],"duration":154,"failing":false,"failureDetails":[],"failureMessages":[],"fullName":"Authors Validation Middleware validateAuthor should be defined and be an array","invocations":1,"location":{"column":3,"line":26},"numPassingAsserts":3,"retryReasons":[],"startAt":1770307276061,"status":"passed","title":"validateAuthor should be defined and be an array"},{"ancestorTitles":["Authors Validation Middleware"],"duration":145,"failing":false,"failureDetails":[],"failureMessages":[],"fullName":"Authors Validation Middleware should pass validation with valid author data","invocations":1,"location":{"column":3,"line":33},"numPassingAsserts":2,"retryReasons":[],"startAt":1770307276221,"status":"passed","title":"should pass validation with valid author data"},{"ancestorTitles":["Authors Validation Middleware"],"duration":37,"failing":false,"failureDetails":[],"failureMessages":[],"fullName":"Authors Validation Middleware should fail validation when firstName is missing","invocations":1,"location":{"column":3,"line":59},"numPassingAsserts":2,"retryReasons":[],"startAt":1770307276368,"status":"passed","title":"should fail validation when firstName is missing"},{"ancestorTitles":["Authors Validation Middleware"],"duration":36,"failing":false,"failureDetails":[],"failureMessages":[],"fullName":"Authors Validation Middleware should fail validation when lastName is missing","invocations":1,"location":{"column":3,"line":83},"numPassingAsserts":2,"retryReasons":[],"startAt":1770307276405,"status":"passed","title":"should fail validation when lastName is missing"},{"ancestorTitles":["Authors Validation Middleware"],"duration":34,"failing":false,"failureDetails":[],"failureMessages":[],"fullName":"Authors Validation Middleware should fail validation when email is invalid","invocations":1,"location":{"column":3,"line":104},"numPassingAsserts":2,"retryReasons":[],"startAt":1770307276442,"status":"passed","title":"should fail validation when email is invalid"},{"ancestorTitles":["Authors Validation Middleware"],"duration":34,"failing":false,"failureDetails":[],"failureMessages":[],"fullName":"Authors Validation Middleware should fail validation when website is invalid","invocations":1,"location":{"column":3,"line":126},"numPassingAsserts":2,"retryReasons":[],"startAt":1770307276476,"status":"passed","title":"should fail validation when website is invalid"},{"ancestorTitles":["Authors Validation Middleware"],"duration":35,"failing":false,"failureDetails":[],"failureMessages":[],"fullName":"Authors Validation Middleware should fail validation when birthDate is invalid","invocations":1,"location":{"column":3,"line":148},"numPassingAsserts":2,"retryReasons":[],"startAt":1770307276511,"status":"passed","title":"should fail validation when birthDate is invalid"},{"ancestorTitles":["Authors Validation Middleware"],"duration":36,"failing":false,"failureDetails":[],"failureMessages":[],"fullName":"Authors Validation Middleware should fail validation when firstName is too short","invocations":1,"location":{"column":3,"line":170},"numPassingAsserts":2,"retryReasons":[],"startAt":1770307276547,"status":"passed","title":"should fail validation when firstName is too short"},{"ancestorTitles":["Authors Validation Middleware"],"duration":34,"failing":false,"failureDetails":[],"failureMessages":[],"fullName":"Authors Validation Middleware should pass validation when biography is optional and missing","invocations":1,"location":{"column":3,"line":192},"numPassingAsserts":2,"retryReasons":[],"startAt":1770307276584,"status":"passed","title":"should pass validation when biography is optional and missing"}],"endTime":1770307276633,"message":"","name":"I:\\Projects_2026\\CSE341_Code\\cse341-team1-final-project\\__test__\\authorsValidation.test.js","startTime":1770307275814,"status":"passed","summary":""}],"wasInterrupted":false}
